<?xml version="1.0" encoding="UTF-8"?>
<testng-results ignored="0" total="2" passed="2" failed="0" skipped="0">
  <reporter-output>
  </reporter-output>
  <suite started-at="2023-12-26T15:13:09Z" name="Default suite" finished-at="2023-12-26T15:13:32Z" duration-ms="23013">
    <groups>
    </groups>
    <test started-at="2023-12-26T15:13:09Z" name="Default test" finished-at="2023-12-26T15:13:32Z" duration-ms="23013">
      <class name="jenPack2Tests.Jen2Test">
        <test-method signature="m2Test()[pri:0, instance:jenPack2Tests.Jen2Test@6f7923a5]" started-at="2023-12-26T15:13:09Z" name="m2Test" finished-at="2023-12-26T15:13:32Z" duration-ms="22985" status="PASS">
          <reporter-output>
          </reporter-output>
        </test-method> <!-- m2Test -->
        <test-method signature="selviTest()[pri:0, instance:jenPack2Tests.Jen2Test@6f7923a5]" started-at="2023-12-26T15:13:32Z" name="selviTest" finished-at="2023-12-26T15:13:32Z" duration-ms="2" status="PASS">
          <reporter-output>
          </reporter-output>
        </test-method> <!-- selviTest -->
      </class> <!-- jenPack2Tests.Jen2Test -->
    </test> <!-- Default test -->
  </suite> <!-- Default suite -->
</testng-results>
