<?xml version="1.0" encoding="UTF-8"?>
<testng-results ignored="0" total="2" passed="2" failed="0" skipped="0">
  <reporter-output>
  </reporter-output>
  <suite started-at="2023-12-26T06:34:07Z" name="Default suite" finished-at="2023-12-26T06:34:15Z" duration-ms="7697">
    <groups>
    </groups>
    <test started-at="2023-12-26T06:34:07Z" name="Default test" finished-at="2023-12-26T06:34:15Z" duration-ms="7697">
      <class name="jenPack2Tests.Jen2Test">
        <test-method signature="m2Test()[pri:0, instance:jenPack2Tests.Jen2Test@6f7923a5]" started-at="2023-12-26T06:34:07Z" name="m2Test" finished-at="2023-12-26T06:34:15Z" duration-ms="7679" status="PASS">
          <reporter-output>
          </reporter-output>
        </test-method> <!-- m2Test -->
        <test-method signature="selviTest()[pri:0, instance:jenPack2Tests.Jen2Test@6f7923a5]" started-at="2023-12-26T06:34:15Z" name="selviTest" finished-at="2023-12-26T06:34:15Z" duration-ms="1" status="PASS">
          <reporter-output>
          </reporter-output>
        </test-method> <!-- selviTest -->
      </class> <!-- jenPack2Tests.Jen2Test -->
    </test> <!-- Default test -->
  </suite> <!-- Default suite -->
</testng-results>
